Build started 2017-06-15 3:18:15 PM.
     1>Project "C:\Users\danie\GameDev\SnakeGame\SnakeGame\SnakeGame.vcxproj" on node 2 (Build target(s)).
     1>ClCompile:
         C:\Program Files (x86)\Microsoft Visual Studio 12.0\VC\bin\CL.exe /c /ZI /nologo /W3 /WX- /sdl /Od /Oy- /D _MBCS /Gm /EHsc /RTC1 /MDd /GS /fp:precise /Zc:wchar_t /Zc:forScope /Fo"Debug\\" /Fd"Debug\vc120.pdb" /Gd /TP /analyze- /errorReport:prompt Game.cpp GameMap.cpp Main.cpp Snake.cpp
         Snake.cpp
         Main.cpp
         GameMap.cpp
     1>c:\users\danie\gamedev\snakegame\snakegame\gamemap.cpp(11): warning C4154: deletion of an array expression; conversion to pointer supplied
     1>c:\users\danie\gamedev\snakegame\snakegame\gamemap.cpp(22): warning C4244: 'argument' : conversion from 'short' to 'char', possible loss of data
         Game.cpp
         Generating Code...
     1>c:\users\danie\gamedev\snakegame\snakegame\gamemap.cpp(42): warning C4715: 'GameMap::getMapValue' : not all control paths return a value
       Link:
         C:\Program Files (x86)\Microsoft Visual Studio 12.0\VC\bin\link.exe /ERRORREPORT:PROMPT /OUT:"C:\Users\danie\GameDev\SnakeGame\Debug\SnakeGame.exe" /INCREMENTAL /NOLOGO kernel32.lib user32.lib gdi32.lib winspool.lib comdlg32.lib advapi32.lib shell32.lib ole32.lib oleaut32.lib uuid.lib odbc32.lib odbccp32.lib /MANIFEST /MANIFESTUAC:"level='asInvoker' uiAccess='false'" /manifest:embed /DEBUG /PDB:"C:\Users\danie\GameDev\SnakeGame\Debug\SnakeGame.pdb" /TLBID:1 /DYNAMICBASE /NXCOMPAT /IMPLIB:"C:\Users\danie\GameDev\SnakeGame\Debug\SnakeGame.lib" /MACHINE:X86 Debug\Game.obj
         Debug\GameMap.obj
         Debug\Main.obj
         Debug\Snake.obj
         SnakeGame.vcxproj -> C:\Users\danie\GameDev\SnakeGame\Debug\SnakeGame.exe
     1>Done Building Project "C:\Users\danie\GameDev\SnakeGame\SnakeGame\SnakeGame.vcxproj" (Build target(s)).

Build succeeded.

Time Elapsed 00:00:07.52
